This is LuaTeX, Version 1.0.0 (MiKTeX 2.9.6210 64-bit)  (format=lualatex 2017.5.8)  9 JUN 2017 11:23
 restricted system commands enabled.
**summary_with_code_template.tex
(./summary_with_code_template.tex
LaTeX2e <2017/01/01> patch level 3
Lua module: luaotfload-main 2017/01/29 2.80001 OpenType layout system.
Lua module: lualibs 2017-02-01 2.5 ConTeXt Lua standard libraries.
Lua module: lualibs-extended 2017-02-01 2.5 ConTeXt Lua libraries -- extended co
llection.(using cache: C:/Users/zolli/AppData/Local/MiKTeX/2.9/luatex-cache/gene
ric)
luaotfload | conf : Root cache directory is C:/Users/zolli/AppData/Local/MiKTeX/
2.9/luatex-cache/generic/names.
luaotfload | init : Loading fontloader “fontloader-2017-02-11.lua” from kpse
-resolved path “C:/Program Files/MiKTeX 2.9/tex/luatex/luaotfload/fontloader-2
017-02-11.lua”.
Lua-only attribute luaotfload@state = 1
Lua-only attribute luaotfload@noligature = 2
Lua-only attribute luaotfload@syllabe = 3
luaotfload | init : Context OpenType loader version “3.027”
Inserting `luaotfload.node_processor' at position 1 in `pre_linebreak_filter'.
Inserting `luaotfload.node_processor' at position 1 in `hpack_filter'.
Inserting `luaotfload.define_font' at position 1 in `define_font'.
Lua-only attribute luaotfload_color_attribute = 4
luaotfload | conf : Root cache directory is C:/Users/zolli/AppData/Local/MiKTeX/
2.9/luatex-cache/generic/names.
Inserting `luaotfload.aux.set_sscale_dimens' at position 1 in `luaotfload.patch_
font'.
Inserting `luaotfload.aux.patch_cambria_domh' at position 2 in `luaotfload.patch
_font'.
Inserting `luaotfload.aux.fixup_fontdata' at position 1 in `luaotfload.patch_fon
t_unsafe'.
Inserting `luaotfload.aux.set_capheight' at position 3 in `luaotfload.patch_font
'.
Inserting `luaotfload.rewrite_fontname' at position 4 in `luaotfload.patch_font'
.
luaotfload | main : initialization completed in 0.462 seconds
Babel <3.9r> and hyphenation patterns for 1 language(s) loaded.
(C:/Users/zolli/AppData/Roaming/MiKTeX/2.9/tex/latex/sciposter/sciposter.cls
Document Class: sciposter 2006/05/30 v1.17 scientific poster class (MHFW, AMW)
("C:/Program Files/MiKTeX 2.9/tex/latex/base/article.cls"
Document Class: article 2014/09/29 v1.4h Standard LaTeX document class
("C:/Program Files/MiKTeX 2.9/tex/latex/base/size10.clo"
File: size10.clo 2014/09/29 v1.4h Standard LaTeX file (size option)
luaotfload | db : Font names database loaded from C:/Users/zolli/AppData/Local/M
iKTeX/2.9/luatex-cache/generic/names/luaotfload-names.luc(load luc: C:/Users/zol
li/AppData/Local/MiKTeX/2.9/luatex-cache/generic/fonts/otl/lmroman10-regular.luc
))
\c@part=\count79
\c@section=\count80
\c@subsection=\count81
\c@subsubsection=\count82
\c@paragraph=\count83
\c@subparagraph=\count84
\c@figure=\count85
\c@table=\count86
\abovecaptionskip=\skip41
\belowcaptionskip=\skip42
\bibindent=\dimen102
) ("C:/Program Files/MiKTeX 2.9/tex/latex/base/ifthen.sty"
Package: ifthen 2014/09/29 v1.1c Standard LaTeX ifthen package (DPC)
)
(C:/Users/zolli/AppData/Roaming/MiKTeX/2.9/tex/latex/lettrine/lettrine.sty
File: lettrine.sty 2015/08/31 v1.9 (Daniel Flipo)

("C:/Program Files/MiKTeX 2.9/tex/latex/graphics/keyval.sty"
Package: keyval 2014/10/28 v1.15 key=value parser (DPC)
\KV@toks@=\toks14
)
\c@DefaultLines=\count87
\c@DefaultDepth=\count88
\DefaultFindent=\dimen103
\DefaultNindent=\dimen104
\DefaultSlope=\dimen105
\DiscardVskip=\dimen106
\L@lbox=\box26
\L@tbox=\box27
\c@L@lines=\count89
\c@L@depth=\count90
\L@Pindent=\dimen107
\L@Findent=\dimen108
\L@Nindent=\dimen109
\L@lraise=\dimen110
\L@first=\dimen111
\L@next=\dimen112
\L@slope=\dimen113
\L@height=\dimen114
\L@novskip=\dimen115
\LettrineWidth=\dimen116
\LettrineHeight=\dimen117
\LettrineDepth=\dimen118

Loading lettrine.cfg
(C:/Users/zolli/AppData/Roaming/MiKTeX/2.9/tex/latex/lettrine/lettrine.cfg))
\papermargin=\skip43

("C:/Program Files/MiKTeX 2.9/tex/latex/graphics/graphics.sty"
Package: graphics 2016/10/09 v1.0u Standard LaTeX Graphics (DPC,SPQR)

("C:/Program Files/MiKTeX 2.9/tex/latex/graphics/trig.sty"
Package: trig 2016/01/03 v1.10 sin cos tan (DPC)
)
("C:/Program Files/MiKTeX 2.9/tex/latex/graphics-cfg/graphics.cfg"
File: graphics.cfg 2016/06/04 v1.11 sample graphics configuration
)
Package graphics Info: Driver file: luatex.def on input line 99.

("C:/Program Files/MiKTeX 2.9/tex/latex/graphics-def/luatex.def"
File: luatex.def 2017/01/12 v0.01h Graphics/Color for luaTeX

("C:/Program Files/MiKTeX 2.9/tex/generic/oberdiek/infwarerr.sty"
Package: infwarerr 2016/05/16 v1.4 Providing info/warning/error messages (HO)
)
("C:/Program Files/MiKTeX 2.9/tex/generic/oberdiek/ltxcmds.sty"
Package: ltxcmds 2016/05/16 v1.23 LaTeX kernel commands for general use (HO)
)
\Gread@gobject=\count91
))
("C:/Program Files/MiKTeX 2.9/tex/latex/graphics/color.sty"
Package: color 2016/07/10 v1.1e Standard LaTeX Color (DPC)

("C:/Program Files/MiKTeX 2.9/tex/latex/graphics-cfg/color.cfg"
File: color.cfg 2016/01/02 v1.6 sample color configuration
)
Package color Info: Driver file: luatex.def on input line 147.
)
("C:/Program Files/MiKTeX 2.9/tex/latex/ltxmisc/shadow.sty"
Package: shadow 2003/02/19 v1.3 shadow boxes (M.O.)
\txtwdth=\dimen119
\sht=\dimen120
\shw=\dimen121
\shbox=\box28
\sboxsep=\dimen122
\sboxrule=\dimen123
\sdim=\dimen124
)
(C:/Users/zolli/AppData/Roaming/MiKTeX/2.9/tex/latex/a0poster/a0size.sty
File: a0size.sty 2004/01/31 v1.22b a0poster class (GK, MW)
LaTeX Font Info:    Redeclaring symbol font `largesymbols' on input line 229.
LaTeX Font Info:    Overwriting symbol font `largesymbols' in version `normal'
(Font)                  OMX/cmex/m/n --> OMX/cmex/m/n on input line 229.
LaTeX Font Info:    Overwriting symbol font `largesymbols' in version `bold'
(Font)                  OMX/cmex/m/n --> OMX/cmex/m/n on input line 229.
\big@size=\dimen125
)
("C:/Program Files/MiKTeX 2.9/tex/latex/psnfss/times.sty"
Package: times 2005/04/12 PSNFSS-v9.2a (SPQR) 
)
(C:/Users/zolli/AppData/Roaming/MiKTeX/2.9/tex/latex/boxedminipage/boxedminipag
e.sty)
\titlewidth=\skip44
\logowidth=\skip45
(load luc: C:/Users/zolli/AppData/Local/MiKTeX/2.9/luatex-cache/generic/fonts/ot
l/lmroman17-regular.luc)
\parstartskip=\skip46
\figtopskip=\skip47
\figbotskip=\skip48
\secskip=\skip49
\titleskip=\skip50
\secboxwidth=\skip51
\c@subfig=\count92
\c@algorithm=\count93
\secrulewidth=\skip52
)
(C:/Users/zolli/AppData/Roaming/MiKTeX/2.9/tex/latex/xcolor/xcolor.sty
Package: xcolor 2016/05/11 v2.12 LaTeX color extensions (UK)

("C:/Program Files/MiKTeX 2.9/tex/latex/graphics-cfg/color.cfg"
File: color.cfg 2016/01/02 v1.6 sample color configuration
)
Package xcolor Info: Package option `usenames' ignored on input line 216.
Package xcolor Info: Driver file: luatex.def on input line 225.

("C:/Program Files/MiKTeX 2.9/tex/latex/colortbl/colortbl.sty"
Package: colortbl 2012/02/13 v1.0a Color table columns (DPC)

("C:/Program Files/MiKTeX 2.9/tex/latex/tools/array.sty"
Package: array 2016/10/06 v2.4d Tabular extension package (FMi)
\col@sep=\dimen126
\extrarowheight=\dimen127
\NC@list=\toks15
\extratabsurround=\skip53
\backup@length=\skip54
)
\everycr=\toks16
\minrowclearance=\skip55
)
LaTeX Info: Redefining \color on input line 709.
\rownum=\count94
Package xcolor Info: Model `cmy' substituted by `cmy0' on input line 1348.
Package xcolor Info: Model `hsb' substituted by `rgb' on input line 1352.
Package xcolor Info: Model `RGB' extended on input line 1364.
Package xcolor Info: Model `HTML' substituted by `rgb' on input line 1366.
Package xcolor Info: Model `Hsb' substituted by `hsb' on input line 1367.
Package xcolor Info: Model `tHsb' substituted by `hsb' on input line 1368.
Package xcolor Info: Model `HSB' substituted by `hsb' on input line 1369.
Package xcolor Info: Model `Gray' substituted by `gray' on input line 1370.
Package xcolor Info: Model `wave' substituted by `hsb' on input line 1371.

("C:/Program Files/MiKTeX 2.9/tex/latex/graphics/dvipsnam.def"
File: dvipsnam.def 2016/06/17 v3.0m Driver-dependent file (DPC,SPQR)
)
(C:/Users/zolli/AppData/Roaming/MiKTeX/2.9/tex/latex/xcolor/svgnam.def
File: svgnam.def 2016/05/11 v2.12 Predefined colors according to SVG 1.1 (UK)
))
(C:/Users/zolli/AppData/Roaming/MiKTeX/2.9/tex/latex/lipsum/lipsum.sty
Package: lipsum 2014/07/27 v1.3 150 paragraphs of Lorem Ipsum dummy text
\c@lips@count=\count95
)
("C:/Program Files/MiKTeX 2.9/tex/latex/graphics/epsfig.sty"
Package: epsfig 1999/02/16 v1.7a (e)psfig emulation (SPQR)

("C:/Program Files/MiKTeX 2.9/tex/latex/graphics/graphicx.sty"
Package: graphicx 2014/10/28 v1.0g Enhanced LaTeX Graphics (DPC,SPQR)
\Gin@req@height=\dimen128
\Gin@req@width=\dimen129
)
\epsfxsize=\dimen130
\epsfysize=\dimen131
)
("C:/Program Files/MiKTeX 2.9/tex/latex/amsmath/amsmath.sty"
Package: amsmath 2016/11/05 v2.16a AMS math features
\@mathmargin=\skip56

For additional information on amsmath, use the `?' option.
("C:/Program Files/MiKTeX 2.9/tex/latex/amsmath/amstext.sty"
Package: amstext 2000/06/29 v2.01 AMS text

("C:/Program Files/MiKTeX 2.9/tex/latex/amsmath/amsgen.sty"
File: amsgen.sty 1999/11/30 v2.0 generic functions
\@emptytoks=\toks17
\ex@=\dimen132
))
("C:/Program Files/MiKTeX 2.9/tex/latex/amsmath/amsbsy.sty"
Package: amsbsy 1999/11/29 v1.2d Bold Symbols
\pmbraise@=\dimen133
)
("C:/Program Files/MiKTeX 2.9/tex/latex/amsmath/amsopn.sty"
Package: amsopn 2016/03/08 v2.02 operator names
)
\inf@bad=\count96
LaTeX Info: Redefining \frac on input line 213.
\uproot@=\count97
\leftroot@=\count98
LaTeX Info: Redefining \overline on input line 375.
\classnum@=\count99
\DOTSCASE@=\count100
LaTeX Info: Redefining \ldots on input line 472.
LaTeX Info: Redefining \dots on input line 475.
LaTeX Info: Redefining \cdots on input line 596.
\Mathstrutbox@=\box29
\strutbox@=\box30
\big@size=\dimen134
LaTeX Font Info:    Redeclaring font encoding OML on input line 712.
LaTeX Font Info:    Redeclaring font encoding OMS on input line 713.
\macc@depth=\count101
\c@MaxMatrixCols=\count102
\dotsspace@=\muskip10
\c@parentequation=\count103
\dspbrk@lvl=\count104
\tag@help=\toks18
\row@=\count105
\column@=\count106
\maxfields@=\count107
\andhelp@=\toks19
\eqnshift@=\dimen135
\alignsep@=\dimen136
\tagshift@=\dimen137
\tagwidth@=\dimen138
\totwidth@=\dimen139
\lineht@=\dimen140
\@envbody=\toks20
\multlinegap=\skip57
\multlinetaggap=\skip58
\mathdisplay@stack=\toks21
LaTeX Info: Redefining \[ on input line 2817.
LaTeX Info: Redefining \] on input line 2818.
)
("C:/Program Files/MiKTeX 2.9/tex/latex/amsfonts/amssymb.sty"
Package: amssymb 2013/01/14 v3.01 AMS font symbols

("C:/Program Files/MiKTeX 2.9/tex/latex/amsfonts/amsfonts.sty"
Package: amsfonts 2013/01/14 v3.01 Basic AMSFonts support
\symAMSa=\mathgroup4
\symAMSb=\mathgroup5
LaTeX Font Info:    Overwriting math alphabet `\mathfrak' in version `bold'
(Font)                  U/euf/m/n --> U/euf/b/n on input line 106.
))
("C:/Program Files/MiKTeX 2.9/tex/generic/babel/babel.sty"
Package: babel 2016/04/23 3.9r The Babel package

("C:/Program Files/MiKTeX 2.9/tex/generic/babel/luababel.def"
\l@afrikaans=\language1
\l@ancientgreek=\language2
\l@arabic=\language3
\l@armenian=\language4
\l@assamese=\language5
\l@basque=\language6
\l@bengali=\language7
\l@bokmal=\language8
\l@bulgarian=\language9
\l@catalan=\language10
\l@classiclatin=\language11
\l@coptic=\language12
\l@croatian=\language13
\l@czech=\language14
\l@danish=\language15
\l@dutch=\language16
\l@esperanto=\language17
\l@estonian=\language18
\l@farsi=\language19
\l@finnish=\language20
\l@french=\language21
\l@galician=\language22
\l@georgian=\language23
\l@german=\language24
\l@german-x-2014-05-21=\language25
\l@greek=\language26
\l@gujarati=\language27
\l@hindi=\language28
\l@hungarian=\language29
\l@icelandic=\language30
\l@indonesian=\language31
\l@interlingua=\language32
\l@irish=\language33
\l@italian=\language34
\l@kannada=\language35
\l@kurmanji=\language36
\l@latin=\language37
\l@latvian=\language38
\l@lithuanian=\language39
\l@malayalam=\language40
\l@marathi=\language41
\l@mongolian=\language42
\l@mongolianlmc=\language43
\l@monogreek=\language44
\l@ngerman=\language45
\l@ngerman-x-2014-05-21=\language46
\l@nynorsk=\language47
\l@oriya=\language48
\l@panjabi=\language49
\l@piedmontese=\language50
\l@pinyin=\language51
\l@polish=\language52
\l@portuguese=\language53
\l@romanian=\language54
\l@romansh=\language55
\l@russian=\language56
\l@sanskrit=\language57
\l@serbian=\language58
\l@serbianc=\language59
\l@slovak=\language60
\l@slovenian=\language61
\l@spanish=\language62
\l@swedish=\language63
\l@swissgerman=\language64
\l@tamil=\language65
\l@telugu=\language66
\l@thai=\language67
\l@turkish=\language68
\l@turkmen=\language69
\l@ukenglish=\language70
\l@ukrainian=\language71
\l@uppersorbian=\language72
\l@usenglishmax=\language73
\l@welsh=\language74
)
*************************************
* Local config file bblopts.cfg used
*
(C:/Users/zolli/AppData/Roaming/MiKTeX/2.9/tex/latex/arabi/bblopts.cfg
File: bblopts.cfg 2005/09/08 v0.1 add Arabic and Farsi to "declared" options of 
babel
)
("C:/Program Files/MiKTeX 2.9/tex/latex/babel-german/german.ldf"
Language: german 2016/11/02 v2.9 German support for babel (traditional orthograp
hy)

("C:/Program Files/MiKTeX 2.9/tex/latex/babel-german/germanb.ldf"
Language: germanb 2016/11/02 v2.9 German support for babel (traditional orthogra
phy)

("C:/Program Files/MiKTeX 2.9/tex/generic/babel/babel.def"
File: babel.def 2016/04/23 3.9r Babel common definitions
\babel@savecnt=\count108
\U@D=\dimen141

("C:/Program Files/MiKTeX 2.9/tex/generic/babel/luababel.def"))
Package babel Info: Making " an active character on input line 139.

("C:/Program Files/MiKTeX 2.9/tex/generic/hyph-utf8/loadhyph/loadhyph-de-1901.t
ex" UTF-8 German hyphenation patterns (traditional orthography)
("C:/Program Files/MiKTeX 2.9/tex/generic/hyph-utf8/patterns/tex/hyph-de-1901.t
ex"
German Hyphenation Patterns (Traditional Orthography) `dehypht-x' 2014-05-21 (W
L)))))) ("C:/Program Files/MiKTeX 2.9/tex/latex/geometry/geometry.sty"
Package: geometry 2010/09/12 v5.6 Page Geometry

("C:/Program Files/MiKTeX 2.9/tex/generic/oberdiek/ifpdf.sty"
Package: ifpdf 2017/03/15 v3.2 Provides the ifpdf switch
)
("C:/Program Files/MiKTeX 2.9/tex/generic/oberdiek/ifvtex.sty"
Package: ifvtex 2016/05/16 v1.6 Detect VTeX and its facilities (HO)
Package ifvtex Info: VTeX not detected.
)
("C:/Program Files/MiKTeX 2.9/tex/generic/ifxetex/ifxetex.sty"
Package: ifxetex 2010/09/12 v0.6 Provides ifxetex conditional
)
\Gm@cnth=\count109
\Gm@cntv=\count110
\c@Gm@tempcnt=\count111
\Gm@bindingoffset=\dimen142
\Gm@wd@mp=\dimen143
\Gm@odd@mp=\dimen144
\Gm@even@mp=\dimen145
\Gm@layoutwidth=\dimen146
\Gm@layoutheight=\dimen147
\Gm@layouthoffset=\dimen148
\Gm@layoutvoffset=\dimen149
\Gm@dimlist=\toks22

("C:/Program Files/MiKTeX 2.9/tex/latex/geometry/geometry.cfg"))
("C:/Program Files/MiKTeX 2.9/tex/latex/tools/multicol.sty"
Package: multicol 2016/04/07 v1.8p multicolumn formatting (FMi)
\c@tracingmulticols=\count112
\mult@box=\box31
\multicol@leftmargin=\dimen150
\c@unbalance=\count113
\c@collectmore=\count114
\doublecol@number=\count115
\multicoltolerance=\count116
\multicolpretolerance=\count117
\full@width=\dimen151
\page@free=\dimen152
\premulticols=\dimen153
\postmulticols=\dimen154
\multicolsep=\skip59
\multicolbaselineskip=\skip60
\partial@page=\box32
\last@line=\box33
\maxbalancingoverflow=\dimen155
\mult@rightbox=\box34
\mult@grightbox=\box35
\mult@gfirstbox=\box36
\mult@firstbox=\box37
\@tempa=\box38
\@tempa=\box39
\@tempa=\box40
\@tempa=\box41
\@tempa=\box42
\@tempa=\box43
\@tempa=\box44
\@tempa=\box45
\@tempa=\box46
\@tempa=\box47
\@tempa=\box48
\@tempa=\box49
\@tempa=\box50
\@tempa=\box51
\@tempa=\box52
\@tempa=\box53
\@tempa=\box54
\c@columnbadness=\count118
\c@finalcolumnbadness=\count119
\last@try=\dimen156
\multicolovershoot=\dimen157
\multicolundershoot=\dimen158
\mult@nat@firstbox=\box55
\colbreak@box=\box56
\mc@col@check@num=\count120
)
(C:/Users/zolli/AppData/Roaming/MiKTeX/2.9/tex/latex/pgf/frontendlayer/tikz.sty
(C:/Users/zolli/AppData/Roaming/MiKTeX/2.9/tex/latex/pgf/basiclayer/pgf.sty
(C:/Users/zolli/AppData/Roaming/MiKTeX/2.9/tex/latex/pgf/utilities/pgfrcs.sty
(C:/Users/zolli/AppData/Roaming/MiKTeX/2.9/tex/generic/pgf/utilities/pgfutil-co
mmon.tex
\pgfutil@everybye=\toks23
\pgfutil@tempdima=\dimen159
\pgfutil@tempdimb=\dimen160

(C:/Users/zolli/AppData/Roaming/MiKTeX/2.9/tex/generic/pgf/utilities/pgfutil-co
mmon-lists.tex))
(C:/Users/zolli/AppData/Roaming/MiKTeX/2.9/tex/generic/pgf/utilities/pgfutil-la
tex.def
\pgfutil@abb=\box57
 (C:/Users/zolli/AppData/Roaming/MiKTeX/2.9/tex/latex/ms/everyshi.sty
Package: everyshi 2001/05/15 v3.00 EveryShipout Package (MS)
))
(C:/Users/zolli/AppData/Roaming/MiKTeX/2.9/tex/generic/pgf/utilities/pgfrcs.cod
e.tex
Package: pgfrcs 2015/08/07 v3.0.1a (rcs-revision 1.31)
))
Package: pgf 2015/08/07 v3.0.1a (rcs-revision 1.15)

(C:/Users/zolli/AppData/Roaming/MiKTeX/2.9/tex/latex/pgf/basiclayer/pgfcore.sty

(C:/Users/zolli/AppData/Roaming/MiKTeX/2.9/tex/latex/pgf/systemlayer/pgfsys.sty

(C:/Users/zolli/AppData/Roaming/MiKTeX/2.9/tex/generic/pgf/systemlayer/pgfsys.c
ode.tex
Package: pgfsys 2014/07/09 v3.0.1a (rcs-revision 1.48)

(C:/Users/zolli/AppData/Roaming/MiKTeX/2.9/tex/generic/pgf/utilities/pgfkeys.co
de.tex
\pgfkeys@pathtoks=\toks24
\pgfkeys@temptoks=\toks25

(C:/Users/zolli/AppData/Roaming/MiKTeX/2.9/tex/generic/pgf/utilities/pgfkeysfil
tered.code.tex
\pgfkeys@tmptoks=\toks26
))
\pgf@x=\dimen161
\pgf@y=\dimen162
\pgf@xa=\dimen163
\pgf@ya=\dimen164
\pgf@xb=\dimen165
\pgf@yb=\dimen166
\pgf@xc=\dimen167
\pgf@yc=\dimen168
\w@pgf@writea=\write3
\r@pgf@reada=\read1
\c@pgf@counta=\count121
\c@pgf@countb=\count122
\c@pgf@countc=\count123
\c@pgf@countd=\count124
\t@pgf@toka=\toks27
\t@pgf@tokb=\toks28
\t@pgf@tokc=\toks29

(C:/Users/zolli/AppData/Roaming/MiKTeX/2.9/tex/generic/pgf/systemlayer/pgf.cfg
File: pgf.cfg 2008/05/14  (rcs-revision 1.7)
)
Driver file for pgf: pgfsys-luatex.def

(C:/Users/zolli/AppData/Roaming/MiKTeX/2.9/tex/generic/pgf/systemlayer/pgfsys-l
uatex.def
File: pgfsys-luatex.def 2014/10/11  (rcs-revision 1.35)

(C:/Users/zolli/AppData/Roaming/MiKTeX/2.9/tex/generic/pgf/systemlayer/pgfsys-c
ommon-pdf.def
File: pgfsys-common-pdf.def 2013/10/10  (rcs-revision 1.13)
)))
(C:/Users/zolli/AppData/Roaming/MiKTeX/2.9/tex/generic/pgf/systemlayer/pgfsysso
ftpath.code.tex
File: pgfsyssoftpath.code.tex 2013/09/09  (rcs-revision 1.9)
\pgfsyssoftpath@smallbuffer@items=\count125
\pgfsyssoftpath@bigbuffer@items=\count126
)
(C:/Users/zolli/AppData/Roaming/MiKTeX/2.9/tex/generic/pgf/systemlayer/pgfsyspr
otocol.code.tex
File: pgfsysprotocol.code.tex 2006/10/16  (rcs-revision 1.4)
))
(C:/Users/zolli/AppData/Roaming/MiKTeX/2.9/tex/generic/pgf/basiclayer/pgfcore.c
ode.tex
Package: pgfcore 2010/04/11 v3.0.1a (rcs-revision 1.7)

(C:/Users/zolli/AppData/Roaming/MiKTeX/2.9/tex/generic/pgf/math/pgfmath.code.te
x
(C:/Users/zolli/AppData/Roaming/MiKTeX/2.9/tex/generic/pgf/math/pgfmathcalc.cod
e.tex
(C:/Users/zolli/AppData/Roaming/MiKTeX/2.9/tex/generic/pgf/math/pgfmathutil.cod
e.tex)
(C:/Users/zolli/AppData/Roaming/MiKTeX/2.9/tex/generic/pgf/math/pgfmathparser.c
ode.tex
\pgfmath@dimen=\dimen169
\pgfmath@count=\count127
\pgfmath@box=\box58
\pgfmath@toks=\toks30
\pgfmath@stack@operand=\toks31
\pgfmath@stack@operation=\toks32
)
(C:/Users/zolli/AppData/Roaming/MiKTeX/2.9/tex/generic/pgf/math/pgfmathfunction
s.code.tex
(C:/Users/zolli/AppData/Roaming/MiKTeX/2.9/tex/generic/pgf/math/pgfmathfunction
s.basic.code.tex)
(C:/Users/zolli/AppData/Roaming/MiKTeX/2.9/tex/generic/pgf/math/pgfmathfunction
s.trigonometric.code.tex)
(C:/Users/zolli/AppData/Roaming/MiKTeX/2.9/tex/generic/pgf/math/pgfmathfunction
s.random.code.tex)
(C:/Users/zolli/AppData/Roaming/MiKTeX/2.9/tex/generic/pgf/math/pgfmathfunction
s.comparison.code.tex)
(C:/Users/zolli/AppData/Roaming/MiKTeX/2.9/tex/generic/pgf/math/pgfmathfunction
s.base.code.tex)
(C:/Users/zolli/AppData/Roaming/MiKTeX/2.9/tex/generic/pgf/math/pgfmathfunction
s.round.code.tex)
(C:/Users/zolli/AppData/Roaming/MiKTeX/2.9/tex/generic/pgf/math/pgfmathfunction
s.misc.code.tex)
(C:/Users/zolli/AppData/Roaming/MiKTeX/2.9/tex/generic/pgf/math/pgfmathfunction
s.integerarithmetics.code.tex)))
(C:/Users/zolli/AppData/Roaming/MiKTeX/2.9/tex/generic/pgf/math/pgfmathfloat.co
de.tex
\c@pgfmathroundto@lastzeros=\count128
))
(C:/Users/zolli/AppData/Roaming/MiKTeX/2.9/tex/generic/pgf/basiclayer/pgfcorepo
ints.code.tex
File: pgfcorepoints.code.tex 2013/10/07  (rcs-revision 1.27)
\pgf@picminx=\dimen170
\pgf@picmaxx=\dimen171
\pgf@picminy=\dimen172
\pgf@picmaxy=\dimen173
\pgf@pathminx=\dimen174
\pgf@pathmaxx=\dimen175
\pgf@pathminy=\dimen176
\pgf@pathmaxy=\dimen177
\pgf@xx=\dimen178
\pgf@xy=\dimen179
\pgf@yx=\dimen180
\pgf@yy=\dimen181
\pgf@zx=\dimen182
\pgf@zy=\dimen183
)
(C:/Users/zolli/AppData/Roaming/MiKTeX/2.9/tex/generic/pgf/basiclayer/pgfcorepa
thconstruct.code.tex
File: pgfcorepathconstruct.code.tex 2013/10/07  (rcs-revision 1.29)
\pgf@path@lastx=\dimen184
\pgf@path@lasty=\dimen185
)
(C:/Users/zolli/AppData/Roaming/MiKTeX/2.9/tex/generic/pgf/basiclayer/pgfcorepa
thusage.code.tex
File: pgfcorepathusage.code.tex 2014/11/02  (rcs-revision 1.24)
\pgf@shorten@end@additional=\dimen186
\pgf@shorten@start@additional=\dimen187
)
(C:/Users/zolli/AppData/Roaming/MiKTeX/2.9/tex/generic/pgf/basiclayer/pgfcoresc
opes.code.tex
File: pgfcorescopes.code.tex 2015/05/08  (rcs-revision 1.46)
\pgfpic=\box59
\pgf@hbox=\box60
\pgf@layerbox@main=\box61
\pgf@picture@serial@count=\count129
)
(C:/Users/zolli/AppData/Roaming/MiKTeX/2.9/tex/generic/pgf/basiclayer/pgfcoregr
aphicstate.code.tex
File: pgfcoregraphicstate.code.tex 2014/11/02  (rcs-revision 1.12)
\pgflinewidth=\dimen188
)
(C:/Users/zolli/AppData/Roaming/MiKTeX/2.9/tex/generic/pgf/basiclayer/pgfcoretr
ansformations.code.tex
File: pgfcoretransformations.code.tex 2015/08/07  (rcs-revision 1.20)
\pgf@pt@x=\dimen189
\pgf@pt@y=\dimen190
\pgf@pt@temp=\dimen191
)
(C:/Users/zolli/AppData/Roaming/MiKTeX/2.9/tex/generic/pgf/basiclayer/pgfcorequ
ick.code.tex
File: pgfcorequick.code.tex 2008/10/09  (rcs-revision 1.3)
)
(C:/Users/zolli/AppData/Roaming/MiKTeX/2.9/tex/generic/pgf/basiclayer/pgfcoreob
jects.code.tex
File: pgfcoreobjects.code.tex 2006/10/11  (rcs-revision 1.2)
)
(C:/Users/zolli/AppData/Roaming/MiKTeX/2.9/tex/generic/pgf/basiclayer/pgfcorepa
thprocessing.code.tex
File: pgfcorepathprocessing.code.tex 2013/09/09  (rcs-revision 1.9)
)
(C:/Users/zolli/AppData/Roaming/MiKTeX/2.9/tex/generic/pgf/basiclayer/pgfcorear
rows.code.tex
File: pgfcorearrows.code.tex 2015/05/14  (rcs-revision 1.43)
\pgfarrowsep=\dimen192
)
(C:/Users/zolli/AppData/Roaming/MiKTeX/2.9/tex/generic/pgf/basiclayer/pgfcoresh
ade.code.tex
File: pgfcoreshade.code.tex 2013/07/15  (rcs-revision 1.15)
\pgf@max=\dimen193
\pgf@sys@shading@range@num=\count130
)
(C:/Users/zolli/AppData/Roaming/MiKTeX/2.9/tex/generic/pgf/basiclayer/pgfcoreim
age.code.tex
File: pgfcoreimage.code.tex 2013/07/15  (rcs-revision 1.18)

(C:/Users/zolli/AppData/Roaming/MiKTeX/2.9/tex/generic/pgf/basiclayer/pgfcoreex
ternal.code.tex
File: pgfcoreexternal.code.tex 2014/07/09  (rcs-revision 1.21)
\pgfexternal@startupbox=\box62
))
(C:/Users/zolli/AppData/Roaming/MiKTeX/2.9/tex/generic/pgf/basiclayer/pgfcorela
yers.code.tex
File: pgfcorelayers.code.tex 2013/07/18  (rcs-revision 1.7)
)
(C:/Users/zolli/AppData/Roaming/MiKTeX/2.9/tex/generic/pgf/basiclayer/pgfcoretr
ansparency.code.tex
File: pgfcoretransparency.code.tex 2013/09/30  (rcs-revision 1.5)
)
(C:/Users/zolli/AppData/Roaming/MiKTeX/2.9/tex/generic/pgf/basiclayer/pgfcorepa
tterns.code.tex
File: pgfcorepatterns.code.tex 2013/11/07  (rcs-revision 1.5)
)))
(C:/Users/zolli/AppData/Roaming/MiKTeX/2.9/tex/generic/pgf/modules/pgfmodulesha
pes.code.tex
File: pgfmoduleshapes.code.tex 2014/03/21  (rcs-revision 1.35)
\pgfnodeparttextbox=\box63
)
(C:/Users/zolli/AppData/Roaming/MiKTeX/2.9/tex/generic/pgf/modules/pgfmoduleplo
t.code.tex
File: pgfmoduleplot.code.tex 2015/08/03  (rcs-revision 1.13)
)
(C:/Users/zolli/AppData/Roaming/MiKTeX/2.9/tex/latex/pgf/compatibility/pgfcomp-
version-0-65.sty
Package: pgfcomp-version-0-65 2007/07/03 v3.0.1a (rcs-revision 1.7)
\pgf@nodesepstart=\dimen194
\pgf@nodesepend=\dimen195
)
(C:/Users/zolli/AppData/Roaming/MiKTeX/2.9/tex/latex/pgf/compatibility/pgfcomp-
version-1-18.sty
Package: pgfcomp-version-1-18 2007/07/23 v3.0.1a (rcs-revision 1.1)
))
(C:/Users/zolli/AppData/Roaming/MiKTeX/2.9/tex/latex/pgf/utilities/pgffor.sty
(C:/Users/zolli/AppData/Roaming/MiKTeX/2.9/tex/latex/pgf/utilities/pgfkeys.sty
(C:/Users/zolli/AppData/Roaming/MiKTeX/2.9/tex/generic/pgf/utilities/pgfkeys.co
de.tex))
(C:/Users/zolli/AppData/Roaming/MiKTeX/2.9/tex/latex/pgf/math/pgfmath.sty
(C:/Users/zolli/AppData/Roaming/MiKTeX/2.9/tex/generic/pgf/math/pgfmath.code.te
x))
(C:/Users/zolli/AppData/Roaming/MiKTeX/2.9/tex/generic/pgf/utilities/pgffor.cod
e.tex
Package: pgffor 2013/12/13 v3.0.1a (rcs-revision 1.25)

(C:/Users/zolli/AppData/Roaming/MiKTeX/2.9/tex/generic/pgf/math/pgfmath.code.te
x)
\pgffor@iter=\dimen196
\pgffor@skip=\dimen197
\pgffor@stack=\toks33
\pgffor@toks=\toks34
))
(C:/Users/zolli/AppData/Roaming/MiKTeX/2.9/tex/generic/pgf/frontendlayer/tikz/t
ikz.code.tex
Package: tikz 2015/08/07 v3.0.1a (rcs-revision 1.151)

(C:/Users/zolli/AppData/Roaming/MiKTeX/2.9/tex/generic/pgf/libraries/pgflibrary
plothandlers.code.tex
File: pgflibraryplothandlers.code.tex 2013/08/31 v3.0.1a (rcs-revision 1.20)
\pgf@plot@mark@count=\count131
\pgfplotmarksize=\dimen198
)
\tikz@lastx=\dimen199
\tikz@lasty=\dimen256
\tikz@lastxsaved=\dimen257
\tikz@lastysaved=\dimen258
\tikzleveldistance=\dimen259
\tikzsiblingdistance=\dimen260
\tikz@figbox=\box64
\tikz@figbox@bg=\box65
\tikz@tempbox=\box66
\tikz@tempbox@bg=\box67
\tikztreelevel=\count132
\tikznumberofchildren=\count133
\tikznumberofcurrentchild=\count134
\tikz@fig@count=\count135

(C:/Users/zolli/AppData/Roaming/MiKTeX/2.9/tex/generic/pgf/modules/pgfmodulemat
rix.code.tex
File: pgfmodulematrix.code.tex 2013/09/17  (rcs-revision 1.8)
\pgfmatrixcurrentrow=\count136
\pgfmatrixcurrentcolumn=\count137
\pgf@matrix@numberofcolumns=\count138
)
\tikz@expandcount=\count139

(C:/Users/zolli/AppData/Roaming/MiKTeX/2.9/tex/generic/pgf/frontendlayer/tikz/l
ibraries/tikzlibrarytopaths.code.tex
File: tikzlibrarytopaths.code.tex 2008/06/17 v3.0.1a (rcs-revision 1.2)
)))
(C:/Users/zolli/AppData/Roaming/MiKTeX/2.9/tex/latex/wrapfig/wrapfig.sty
\wrapoverhang=\dimen261
\WF@size=\dimen262
\c@WF@wrappedlines=\count140
\WF@box=\box68
\WF@everypar=\toks35
Package: wrapfig 2003/01/31  v 3.6
)
(C:/Users/zolli/AppData/Roaming/MiKTeX/2.9/tex/latex/was/gensymb.sty
Package: gensymb 2003/07/02 v1.0 (WaS)
)
("C:/Program Files/MiKTeX 2.9/tex/latex/base/inputenc.sty"
Package: inputenc 2015/03/17 v1.2c Input encoding file
\inpenc@prehook=\toks36
\inpenc@posthook=\toks37


Package inputenc Warning: inputenc package ignored with utf8 based engines.

) (C:/Users/zolli/AppData/Roaming/MiKTeX/2.9/tex/latex/mathtools/empheq.sty
Package: empheq 2014/07/16 v2.14 Emphasizing equations

(C:/Users/zolli/AppData/Roaming/MiKTeX/2.9/tex/latex/mathtools/mhsetup.sty
Package: mhsetup 2010/01/21 v1.2a programming setup (MH)
)
(C:/Users/zolli/AppData/Roaming/MiKTeX/2.9/tex/latex/mathtools/mathtools.sty
Package: mathtools 2015/11/12 v1.18 mathematical typesetting tools

("C:/Program Files/MiKTeX 2.9/tex/latex/tools/calc.sty"
Package: calc 2014/10/28 v4.3 Infix arithmetic (KKT,FJ)
\calc@Acount=\count141
\calc@Bcount=\count142
\calc@Adimen=\dimen263
\calc@Bdimen=\dimen264
\calc@Askip=\skip61
\calc@Bskip=\skip62
LaTeX Info: Redefining \setlength on input line 80.
LaTeX Info: Redefining \addtolength on input line 81.
\calc@Ccount=\count143
\calc@Cskip=\skip63
)
LaTeX Info: Thecontrolsequence`\('isalreadyrobust on input line 129.
LaTeX Info: Thecontrolsequence`\)'isalreadyrobust on input line 129.
LaTeX Info: Thecontrolsequence`\['isalreadyrobust on input line 129.
LaTeX Info: Thecontrolsequence`\]'isalreadyrobust on input line 129.
\g_MT_multlinerow_int=\count144
\l_MT_multwidth_dim=\dimen265
\origjot=\skip64
\l_MT_shortvdotswithinadjustabove_dim=\dimen266
\l_MT_shortvdotswithinadjustbelow_dim=\dimen267
\l_MT_above_intertext_sep=\dimen268
\l_MT_below_intertext_sep=\dimen269
\l_MT_above_shortintertext_sep=\dimen270
\l_MT_below_shortintertext_sep=\dimen271
)
\l_EQ_equationtype_int=\count145
\l_EQ_alignmentmode_int=\count146
\l_EQ_totalwidth_dim=\dimen272
\l_EQ_displaywidth_dim=\dimen273
\l_EQ_temp_linewidth_dim=\dimen274
\EmphEqdelimitershortfall=\dimen275
\EmphEqdelimiterfactor=\count147
\g_EQ_toptag_height_dim=\dimen276
\g_EQ_bottomtag_depth_dim=\dimen277
\g_EQ_toprow_height_dim=\dimen278
\g_EQ_bottomrow_depth_dim=\dimen279
\g_EQ_widesttag_dim=\dimen280
\EQ_mathdisplay_box=\box69
\EQ_tag_box=\box70
\g_EQ_temprow_int=\count148
)
(C:/Users/zolli/AppData/Roaming/MiKTeX/2.9/tex/latex/listings/listings.sty
\lst@mode=\count149
\lst@gtempboxa=\box71
\lst@token=\toks38
\lst@length=\count150
\lst@currlwidth=\dimen281
\lst@column=\count151
\lst@pos=\count152
\lst@lostspace=\dimen282
\lst@width=\dimen283
\lst@newlines=\count153
\lst@lineno=\count154
\lst@maxwidth=\dimen284

(C:/Users/zolli/AppData/Roaming/MiKTeX/2.9/tex/latex/listings/lstmisc.sty
File: lstmisc.sty 2015/06/04 1.6 (Carsten Heinz)
\c@lstnumber=\count155
\lst@skipnumbers=\count156
\lst@framebox=\box72
)
(C:/Users/zolli/AppData/Roaming/MiKTeX/2.9/tex/latex/listings/listings.cfg
File: listings.cfg 2015/06/04 1.6 listings configuration
))
Package: listings 2015/06/04 1.6 (Carsten Heinz)

("C:/Program Files/MiKTeX 2.9/tex/latex/sourcecodepro/sourcecodepro.sty"
Package: sourcecodepro 2015/10/09 v2.6 Adobe's Source Code Pro typeface

("C:/Program Files/MiKTeX 2.9/tex/generic/oberdiek/ifluatex.sty"
Package: ifluatex 2016/05/16 v1.4 Provides the ifluatex switch (HO)
Package ifluatex Info: LuaTeX detected.
)
("C:/Program Files/MiKTeX 2.9/tex/latex/xkeyval/xkeyval.sty"
Package: xkeyval 2014/12/03 v2.7a package option processing (HA)

("C:/Program Files/MiKTeX 2.9/tex/generic/xkeyval/xkeyval.tex"
("C:/Program Files/MiKTeX 2.9/tex/generic/xkeyval/xkvutils.tex"
\XKV@toks=\toks39
\XKV@tempa@toks=\toks40
)
\XKV@depth=\count157
File: xkeyval.tex 2014/12/03 v2.7a key=value parser (HA)
))
("C:/Program Files/MiKTeX 2.9/tex/latex/fontspec/fontspec.sty"
("C:/Program Files/MiKTeX 2.9/tex/latex/l3kernel/expl3.sty"
Package: expl3 2017/04/01 L3 programming layer (loader) 

("C:/Program Files/MiKTeX 2.9/tex/latex/l3kernel/expl3-code.tex"
Package: expl3 2017/04/01 L3 programming layer (code)
\ucharcat@table=\catcodetable5
\c_max_int=\count158
\l_tmpa_int=\count159
\l_tmpb_int=\count160
\g_tmpa_int=\count161
\g_tmpb_int=\count162
\g__prg_map_int=\count163
\c_log_iow=\count164
\l_iow_line_count_int=\count165
\l__iow_line_target_int=\count166
\l__iow_one_indent_int=\count167
\l__iow_indent_int=\count168
\c_zero_dim=\dimen285
\c_max_dim=\dimen286
\l_tmpa_dim=\dimen287
\l_tmpb_dim=\dimen288
\g_tmpa_dim=\dimen289
\g_tmpb_dim=\dimen290
\c_zero_skip=\skip65
\c_max_skip=\skip66
\l_tmpa_skip=\skip67
\l_tmpb_skip=\skip68
\g_tmpa_skip=\skip69
\g_tmpb_skip=\skip70
\c_zero_muskip=\muskip11
\c_max_muskip=\muskip12
\l_tmpa_muskip=\muskip13
\l_tmpb_muskip=\muskip14
\g_tmpa_muskip=\muskip15
\g_tmpb_muskip=\muskip16
\l_keys_choice_int=\count169
\c__fp_leading_shift_int=\count170
\c__fp_middle_shift_int=\count171
\c__fp_trailing_shift_int=\count172
\c__fp_big_leading_shift_int=\count173
\c__fp_big_middle_shift_int=\count174
\c__fp_big_trailing_shift_int=\count175
\c__fp_Bigg_leading_shift_int=\count176
\c__fp_Bigg_middle_shift_int=\count177
\c__fp_Bigg_trailing_shift_int=\count178
\c__fp_rand_size_int=\count179
\c__fp_rand_four_int=\count180
\c__fp_rand_eight_int=\count181
\l__sort_length_int=\count182
\l__sort_min_int=\count183
\l__sort_top_int=\count184
\l__sort_max_int=\count185
\l__sort_true_max_int=\count186
\l__sort_block_int=\count187
\l__sort_begin_int=\count188
\l__sort_end_int=\count189
\l__sort_A_int=\count190
\l__sort_B_int=\count191
\l__sort_C_int=\count192
\c_empty_box=\box73
\l_tmpa_box=\box74
\l_tmpb_box=\box75
\g_tmpa_box=\box76
\g_tmpb_box=\box77
\l__coffin_internal_box=\box78
\l__coffin_internal_dim=\dimen291
\l__coffin_offset_x_dim=\dimen292
\l__coffin_offset_y_dim=\dimen293
\l__coffin_x_dim=\dimen294
\l__coffin_y_dim=\dimen295
\l__coffin_x_prime_dim=\dimen296
\l__coffin_y_prime_dim=\dimen297
\c_empty_coffin=\box79
\l__coffin_aligned_coffin=\box80
\l__coffin_aligned_internal_coffin=\box81
\l_tmpa_coffin=\box82
\l_tmpb_coffin=\box83
\l__coffin_display_coffin=\box84
\l__coffin_display_coord_coffin=\box85
\l__coffin_display_pole_coffin=\box86
\l__coffin_display_offset_dim=\dimen298
\l__coffin_display_x_dim=\dimen299
\l__coffin_display_y_dim=\dimen300
\l__box_top_dim=\dimen301
\l__box_bottom_dim=\dimen302
\l__box_left_dim=\dimen303
\l__box_right_dim=\dimen304
\l__box_top_new_dim=\dimen305
\l__box_bottom_new_dim=\dimen306
\l__box_left_new_dim=\dimen307
\l__box_right_new_dim=\dimen308
\l__box_internal_box=\box87
\l__coffin_bounding_shift_dim=\dimen309
\l__coffin_left_corner_dim=\dimen310
\l__coffin_right_corner_dim=\dimen311
\l__coffin_bottom_corner_dim=\dimen312
\l__coffin_top_corner_dim=\dimen313
\l__coffin_scaled_total_height_dim=\dimen314
\l__coffin_scaled_width_dim=\dimen315
)
("C:/Program Files/MiKTeX 2.9/tex/latex/l3kernel/l3pdfmode.def"
File: l3pdfmode.def 2017/03/18 v L3 Experimental driver: PDF mode
\l__driver_color_stack_int=\count193
\l__driver_tmp_box=\box88
))
("C:/Program Files/MiKTeX 2.9/tex/latex/l3packages/xparse/xparse.sty"
Package: xparse 2017/04/01 L3 Experimental document command parser
\l__xparse_current_arg_int=\count194
\g__xparse_grabber_int=\count195
\l__xparse_m_args_int=\count196
\l__xparse_mandatory_args_int=\count197
\l__xparse_v_nesting_int=\count198
)
Package: fontspec 2017/02/12 v2.6 Font selection for XeLaTeX and LuaLaTeX
Lua module: fontspec 2017/02/12 2.6 Font selection for XeLaTeX and LuaLaTeX
("C:/Program Files/MiKTeX 2.9/tex/latex/fontspec/fontspec-luatex.sty"
Package: fontspec-luatex 2017/02/12 v2.6 Font selection for XeLaTeX and LuaLaTeX

\l__fontspec_script_int=\count199
\l__fontspec_language_int=\count266
\l__fontspec_strnum_int=\count267
\l__fontspec_tmp_int=\count268
\l__fontspec_em_int=\count269
\l__fontspec_emdef_int=\count270
\l__fontspec_strong_int=\count271
\l__fontspec_strongdef_int=\count272
\l__fontspec_tmpa_dim=\dimen316
\l__fontspec_tmpb_dim=\dimen317
\l__fontspec_tmpc_dim=\dimen318
\g__file_internal_ior=\read2

("C:/Program Files/MiKTeX 2.9/tex/latex/base/fontenc.sty"
Package: fontenc 2017/02/22 v2.0g Standard LaTeX package

("C:/Program Files/MiKTeX 2.9/tex/latex/base/tuenc.def"
File: tuenc.def 2017/02/22 v2.0g Standard LaTeX file
LaTeX Font Info:    Redeclaring font encoding TU on input line 82.
))
.................................................
. LaTeX info: "xparse/define-command"
. 
. Defining command \fontspec with sig. 'O{}mO{}' on line 478.
.................................................
.................................................
. LaTeX info: "xparse/define-command"
. 
. Defining command \setmainfont with sig. 'O{}mO{}' on line 494.
.................................................
.................................................
. LaTeX info: "xparse/define-command"
. 
. Defining command \setsansfont with sig. 'O{}mO{}' on line 510.
.................................................
.................................................
. LaTeX info: "xparse/define-command"
. 
. Defining command \setmonofont with sig. 'O{}mO{}' on line 526.
.................................................
.................................................
. LaTeX info: "xparse/define-command"
. 
. Defining command \setmathrm with sig. 'O{}mO{}' on line 531.
.................................................
.................................................
. LaTeX info: "xparse/define-command"
. 
. Defining command \setboldmathrm with sig. 'O{}mO{}' on line 536.
.................................................
.................................................
. LaTeX info: "xparse/define-command"
. 
. Defining command \setmathsf with sig. 'O{}mO{}' on line 541.
.................................................
.................................................
. LaTeX info: "xparse/define-command"
. 
. Defining command \setmathtt with sig. 'O{}mO{}' on line 546.
.................................................
.................................................
. LaTeX info: "xparse/define-command"
. 
. Defining command \newfontfamily with sig. 'mO{}mO{}' on line 566.
.................................................
.................................................
. LaTeX info: "xparse/define-command"
. 
. Defining command \newfontface with sig. 'mO{}mO{}' on line 570.
.................................................
.................................................
. LaTeX info: "xparse/define-command"
. 
. Defining command \defaultfontfeatures with sig. 't+om' on line 577.
.................................................
.................................................
. LaTeX info: "xparse/define-command"
. 
. Defining command \addfontfeatures with sig. 'm' on line 626.
.................................................
.................................................
. LaTeX info: "xparse/define-command"
. 
. Defining command \newfontfeature with sig. 'mm' on line 637.
.................................................
.................................................
. LaTeX info: "xparse/define-command"
. 
. Defining command \newAATfeature with sig. 'mmmm' on line 645.
.................................................
.................................................
. LaTeX info: "xparse/define-command"
. 
. Defining command \newopentypefeature with sig. 'mmm' on line 655.
.................................................
.................................................
. LaTeX info: "xparse/define-command"
. 
. Defining command \aliasfontfeature with sig. 'mm' on line 678.
.................................................
.................................................
. LaTeX info: "xparse/define-command"
. 
. Defining command \aliasfontfeatureoption with sig. 'mmm' on line 695.
.................................................
.................................................
. LaTeX info: "xparse/define-command"
. 
. Defining command \newfontscript with sig. 'mm' on line 699.
.................................................
.................................................
. LaTeX info: "xparse/define-command"
. 
. Defining command \newfontlanguage with sig. 'mm' on line 703.
.................................................
.................................................
. LaTeX info: "xparse/define-command"
. 
. Defining command \DeclareFontsExtensions with sig. 'm' on line 708.
.................................................
.................................................
. LaTeX info: "xparse/define-command"
. 
. Defining command \IfFontFeatureActiveTF with sig. 'mmm' on line 714.
.................................................
.................................................
. LaTeX info: "xparse/define-command"
. 
. Defining command \EncodingCommand with sig. 'mO{}m' on line 3062.
.................................................
.................................................
. LaTeX info: "xparse/define-command"
. 
. Defining command \EncodingAccent with sig. 'mm' on line 3068.
.................................................
.................................................
. LaTeX info: "xparse/define-command"
. 
. Defining command \EncodingSymbol with sig. 'mm' on line 3074.
.................................................
.................................................
. LaTeX info: "xparse/define-command"
. 
. Defining command \EncodingComposite with sig. 'mmm' on line 3080.
.................................................
.................................................
. LaTeX info: "xparse/define-command"
. 
. Defining command \EncodingCompositeCommand with sig. 'mmm' on line 3086.
.................................................
.................................................
. LaTeX info: "xparse/define-command"
. 
. Defining command \DeclareUnicodeEncoding with sig. 'mm' on line 3111.
.................................................
.................................................
. LaTeX info: "xparse/define-command"
. 
. Defining command \UndeclareSymbol with sig. 'm' on line 3117.
.................................................
.................................................
. LaTeX info: "xparse/define-command"
. 
. Defining command \UndeclareComposite with sig. 'mm' on line 3125.
.................................................

("C:/Program Files/MiKTeX 2.9/tex/latex/fontspec/fontspec.cfg")
LaTeX Info: Redefining \itshape on input line 3310.
LaTeX Info: Redefining \slshape on input line 3315.
LaTeX Info: Redefining \scshape on input line 3320.
LaTeX Info: Redefining \upshape on input line 3325.
LaTeX Info: Redefining \em on input line 3355.
LaTeX Info: Redefining \emph on input line 3380.
(load luc: C:/Users/zolli/AppData/Local/MiKTeX/2.9/luatex-cache/generic/fonts/ot
l/lmsans17-regular.luc)(load luc: C:/Users/zolli/AppData/Local/MiKTeX/2.9/luatex
-cache/generic/fonts/otl/lmsans10-bold.luc)
LaTeX Font Info:    Font shape `TU/lmss/m/it' in size <24.88> not available
(Font)              Font shape `TU/lmss/m/sl' tried instead on input line 3430.
(load luc: C:/Users/zolli/AppData/Local/MiKTeX/2.9/luatex-cache/generic/fonts/ot
l/lmsans17-oblique.luc)
LaTeX Info: Redefining \- on input line 3431.
.................................................
. LaTeX info: "xparse/redefine-command"
. 
. Redefining command \oldstylenums with sig. 'm' on line 3526.
.................................................
.................................................
. LaTeX info: "xparse/define-command"
. 
. Defining command \liningnums with sig. 'm' on line 3530.
.................................................
))(load luc: C:/Users/zolli/AppData/Local/MiKTeX/2.9/luatex-cache/generic/fonts/
otl/sourcecodepro-regular.luc)
\g__fontspec_family_SourceCodePro_int=\count273
luaotfload | aux : font no 20 (nil) does not define feature smcp for script latn
 with language dflt
luaotfload | aux : no font with id 20(load luc: C:/Users/zolli/AppData/Local/MiK
TeX/2.9/luatex-cache/generic/fonts/otl/sourcecodepro-bold.luc)
luaotfload | aux : font no 21 (nil) does not define feature smcp for script latn
 with language dflt
luaotfload | aux : no font with id 21(load luc: C:/Users/zolli/AppData/Local/MiK
TeX/2.9/luatex-cache/generic/fonts/otl/sourcecodepro-regularit.luc)
luaotfload | aux : font no 22 (nil) does not define feature smcp for script latn
 with language dflt
luaotfload | aux : no font with id 22(load luc: C:/Users/zolli/AppData/Local/MiK
TeX/2.9/luatex-cache/generic/fonts/otl/sourcecodepro-boldit.luc)
luaotfload | aux : font no 23 (nil) does not define feature smcp for script latn
 with language dflt
luaotfload | aux : no font with id 23
.................................................
. fontspec info: "defining-font"
. 
. Font family 'SourceCodePro(0)' created for font 'SourceCodePro' with options
. [Ligatures = TeX,Numbers =,Scale = 1,Extension =
. .otf,WordSpace={1,0,0},PunctuationSpace=WordSpace,UprightFont =
. *-Regular,ItalicFont = *-RegularIt,BoldFont = *-Bold,BoldItalicFont =
. *-BoldIt].
.  
.  This font family consists of the following NFSS series/shapes:
.  
. - 'normal' (m/n) with NFSS spec.:
. <->s*[1]"[SourceCodePro-Regular.otf]:mode=node;script=latn;language=DFLT;+tlig
;"
. - 'small caps'  (m/sc) with NFSS spec.: 
. and font adjustment code:
. \fontdimen 2\font =1\fontdimen 2\font \fontdimen 3\font =0\fontdimen 3\font
. \fontdimen 4\font =0\fontdimen 4\font \fontdimen 7\font =0\fontdimen 2\font 
. - 'bold' (bx/n) with NFSS spec.:
. <->s*[1]"[SourceCodePro-Bold.otf]:mode=node;script=latn;language=DFLT;+tlig;"
. - 'bold small caps'  (bx/sc) with NFSS spec.: 
. and font adjustment code:
. \fontdimen 2\font =1\fontdimen 2\font \fontdimen 3\font =0\fontdimen 3\font
. \fontdimen 4\font =0\fontdimen 4\font \fontdimen 7\font =0\fontdimen 2\font 
. - 'italic' (m/it) with NFSS spec.:
. <->s*[1]"[SourceCodePro-RegularIt.otf]:mode=node;script=latn;language=DFLT;+tl
ig;"
. - 'italic small caps'  (m/itsc) with NFSS spec.: 
. and font adjustment code:
. \fontdimen 2\font =1\fontdimen 2\font \fontdimen 3\font =0\fontdimen 3\font
. \fontdimen 4\font =0\fontdimen 4\font \fontdimen 7\font =0\fontdimen 2\font 
. - 'bold italic' (bx/it) with NFSS spec.:
. <->s*[1]"[SourceCodePro-BoldIt.otf]:mode=node;script=latn;language=DFLT;+tlig;
"
. - 'bold italic small caps'  (bx/itsc) with NFSS spec.: 
. and font adjustment code:
. \fontdimen 2\font =1\fontdimen 2\font \fontdimen 3\font =0\fontdimen 3\font
. \fontdimen 4\font =0\fontdimen 4\font \fontdimen 7\font =0\fontdimen 2\font 
.................................................
LaTeX Info: Redefining \ttfamily on input line 118.
luaotfload | aux : font no 20 (nil) does not define feature smcp for script latn
 with language dflt
luaotfload | aux : no font with id 20
luaotfload | aux : font no 21 (nil) does not define feature smcp for script latn
 with language dflt
luaotfload | aux : no font with id 21
luaotfload | aux : font no 22 (nil) does not define feature smcp for script latn
 with language dflt
luaotfload | aux : no font with id 22
luaotfload | aux : font no 23 (nil) does not define feature smcp for script latn
 with language dflt
luaotfload | aux : no font with id 23
.................................................
. fontspec info: "defining-font"
. 
. Font family 'SourceCodePro(1)' created for font 'SourceCodePro' with options
. [Ligatures = TeX,Numbers =,Scale = 1,Extension = .otf,UprightFont =
. *-Regular,ItalicFont = *-RegularIt,BoldFont = *-Bold,BoldItalicFont =
. *-BoldIt].
.  
.  This font family consists of the following NFSS series/shapes:
.  
. - 'normal' (m/n) with NFSS spec.:
. <->s*[1]"[SourceCodePro-Regular.otf]:mode=node;script=latn;language=DFLT;+tlig
;"
. - 'small caps'  (m/sc) with NFSS spec.: 
. - 'bold' (bx/n) with NFSS spec.:
. <->s*[1]"[SourceCodePro-Bold.otf]:mode=node;script=latn;language=DFLT;+tlig;"
. - 'bold small caps'  (bx/sc) with NFSS spec.: 
. - 'italic' (m/it) with NFSS spec.:
. <->s*[1]"[SourceCodePro-RegularIt.otf]:mode=node;script=latn;language=DFLT;+tl
ig;"
. - 'italic small caps'  (m/itsc) with NFSS spec.: 
. - 'bold italic' (bx/it) with NFSS spec.:
. <->s*[1]"[SourceCodePro-BoldIt.otf]:mode=node;script=latn;language=DFLT;+tlig;
"
. - 'bold italic small caps'  (bx/itsc) with NFSS spec.: 
.................................................
(load luc: C:/Users/zolli/AppData/Local/MiKTeX/2.9/luatex-cache/generic/fonts/ot
l/sourcecodepro-medium.luc)
luaotfload | aux : font no 24 (nil) does not define feature smcp for script latn
 with language dflt
luaotfload | aux : no font with id 24
luaotfload | aux : font no 21 (nil) does not define feature smcp for script latn
 with language dflt
luaotfload | aux : no font with id 21(load luc: C:/Users/zolli/AppData/Local/MiK
TeX/2.9/luatex-cache/generic/fonts/otl/sourcecodepro-mediumit.luc)
luaotfload | aux : font no 25 (nil) does not define feature smcp for script latn
 with language dflt
luaotfload | aux : no font with id 25
luaotfload | aux : font no 23 (nil) does not define feature smcp for script latn
 with language dflt
luaotfload | aux : no font with id 23
.................................................
. fontspec info: "defining-font"
. 
. Font family 'SourceCodePro(2)' created for font 'SourceCodePro' with options
. [Ligatures = TeX,Numbers =,Scale = 1,Extension = .otf,UprightFont =
. *-Medium,ItalicFont = *-MediumIt,BoldFont = *-Bold,BoldItalicFont =
. *-BoldIt].
.  
.  This font family consists of the following NFSS series/shapes:
.  
. - 'normal' (m/n) with NFSS spec.:
. <->s*[1]"[SourceCodePro-Medium.otf]:mode=node;script=latn;language=DFLT;+tlig;
"
. - 'small caps'  (m/sc) with NFSS spec.: 
. - 'bold' (bx/n) with NFSS spec.:
. <->s*[1]"[SourceCodePro-Bold.otf]:mode=node;script=latn;language=DFLT;+tlig;"
. - 'bold small caps'  (bx/sc) with NFSS spec.: 
. - 'italic' (m/it) with NFSS spec.:
. <->s*[1]"[SourceCodePro-MediumIt.otf]:mode=node;script=latn;language=DFLT;+tli
g;"
. - 'italic small caps'  (m/itsc) with NFSS spec.: 
. - 'bold italic' (bx/it) with NFSS spec.:
. <->s*[1]"[SourceCodePro-BoldIt.otf]:mode=node;script=latn;language=DFLT;+tlig;
"
. - 'bold italic small caps'  (bx/itsc) with NFSS spec.: 
.................................................
(load luc: C:/Users/zolli/AppData/Local/MiKTeX/2.9/luatex-cache/generic/fonts/ot
l/sourcecodepro-light.luc)
luaotfload | aux : font no 26 (nil) does not define feature smcp for script latn
 with language dflt
luaotfload | aux : no font with id 26(load luc: C:/Users/zolli/AppData/Local/MiK
TeX/2.9/luatex-cache/generic/fonts/otl/sourcecodepro-semibold.luc)
luaotfload | aux : font no 27 (nil) does not define feature smcp for script latn
 with language dflt
luaotfload | aux : no font with id 27(load luc: C:/Users/zolli/AppData/Local/MiK
TeX/2.9/luatex-cache/generic/fonts/otl/sourcecodepro-lightit.luc)
luaotfload | aux : font no 28 (nil) does not define feature smcp for script latn
 with language dflt
luaotfload | aux : no font with id 28(load luc: C:/Users/zolli/AppData/Local/MiK
TeX/2.9/luatex-cache/generic/fonts/otl/sourcecodepro-semiboldit.luc)
luaotfload | aux : font no 29 (nil) does not define feature smcp for script latn
 with language dflt
luaotfload | aux : no font with id 29
.................................................
. fontspec info: "defining-font"
. 
. Font family 'SourceCodePro(3)' created for font 'SourceCodePro' with options
. [Ligatures = TeX,Numbers =,Scale = 1,Extension = .otf,UprightFont =
. *-Light,ItalicFont = *-LightIt,BoldFont = *-Semibold,BoldItalicFont =
. *-SemiboldIt].
.  
.  This font family consists of the following NFSS series/shapes:
.  
. - 'normal' (m/n) with NFSS spec.:
. <->s*[1]"[SourceCodePro-Light.otf]:mode=node;script=latn;language=DFLT;+tlig;"

. - 'small caps'  (m/sc) with NFSS spec.: 
. - 'bold' (bx/n) with NFSS spec.:
. <->s*[1]"[SourceCodePro-Semibold.otf]:mode=node;script=latn;language=DFLT;+tli
g;"
. - 'bold small caps'  (bx/sc) with NFSS spec.: 
. - 'italic' (m/it) with NFSS spec.:
. <->s*[1]"[SourceCodePro-LightIt.otf]:mode=node;script=latn;language=DFLT;+tlig
;"
. - 'italic small caps'  (m/itsc) with NFSS spec.: 
. - 'bold italic' (bx/it) with NFSS spec.:
. <->s*[1]"[SourceCodePro-SemiboldIt.otf]:mode=node;script=latn;language=DFLT;+t
lig;"
. - 'bold italic small caps'  (bx/itsc) with NFSS spec.: 
.................................................
(load luc: C:/Users/zolli/AppData/Local/MiKTeX/2.9/luatex-cache/generic/fonts/ot
l/sourcecodepro-extralight.luc)
luaotfload | aux : font no 30 (nil) does not define feature smcp for script latn
 with language dflt
luaotfload | aux : no font with id 30(load luc: C:/Users/zolli/AppData/Local/MiK
TeX/2.9/luatex-cache/generic/fonts/otl/sourcecodepro-black.luc)
luaotfload | aux : font no 31 (nil) does not define feature smcp for script latn
 with language dflt
luaotfload | aux : no font with id 31(load luc: C:/Users/zolli/AppData/Local/MiK
TeX/2.9/luatex-cache/generic/fonts/otl/sourcecodepro-extralightit.luc)
luaotfload | aux : font no 32 (nil) does not define feature smcp for script latn
 with language dflt
luaotfload | aux : no font with id 32(load luc: C:/Users/zolli/AppData/Local/MiK
TeX/2.9/luatex-cache/generic/fonts/otl/sourcecodepro-blackit.luc)
luaotfload | aux : font no 33 (nil) does not define feature smcp for script latn
 with language dflt
luaotfload | aux : no font with id 33
.................................................
. fontspec info: "defining-font"
. 
. Font family 'SourceCodePro(4)' created for font 'SourceCodePro' with options
. [Ligatures = TeX,Numbers =,Scale = 1,Extension = .otf,UprightFont =
. *-ExtraLight,ItalicFont = *-ExtraLightIt,BoldFont = *-Black,BoldItalicFont =
. *-BlackIt].
.  
.  This font family consists of the following NFSS series/shapes:
.  
. - 'normal' (m/n) with NFSS spec.:
. <->s*[1]"[SourceCodePro-ExtraLight.otf]:mode=node;script=latn;language=DFLT;+t
lig;"
. - 'small caps'  (m/sc) with NFSS spec.: 
. - 'bold' (bx/n) with NFSS spec.:
. <->s*[1]"[SourceCodePro-Black.otf]:mode=node;script=latn;language=DFLT;+tlig;"

. - 'bold small caps'  (bx/sc) with NFSS spec.: 
. - 'italic' (m/it) with NFSS spec.:
. <->s*[1]"[SourceCodePro-ExtraLightIt.otf]:mode=node;script=latn;language=DFLT;
+tlig;"
. - 'italic small caps'  (m/itsc) with NFSS spec.: 
. - 'bold italic' (bx/it) with NFSS spec.:
. <->s*[1]"[SourceCodePro-BlackIt.otf]:mode=node;script=latn;language=DFLT;+tlig
;"
. - 'bold italic small caps'  (bx/itsc) with NFSS spec.: 
.................................................
luaotfload | aux : font no 20 (nil) does not define feature smcp for script latn
 with language dflt
luaotfload | aux : no font with id 20
luaotfload | aux : font no 21 (nil) does not define feature smcp for script latn
 with language dflt
luaotfload | aux : no font with id 21
luaotfload | aux : font no 22 (nil) does not define feature smcp for script latn
 with language dflt
luaotfload | aux : no font with id 22
luaotfload | aux : font no 23 (nil) does not define feature smcp for script latn
 with language dflt
luaotfload | aux : no font with id 23
.................................................
. fontspec info: "defining-font"
. 
. Font family 'SourceCodePro(5)' created for font 'SourceCodePro' with options
. [Ligatures = TeX,Numbers =,Scale = 1,Extension = .otf,Numbers =,UprightFont
. = *-Regular,ItalicFont = *-RegularIt,BoldFont = *-Bold,BoldItalicFont =
. *-BoldIt].
.  
.  This font family consists of the following NFSS series/shapes:
.  
. - 'normal' (m/n) with NFSS spec.:
. <->s*[1]"[SourceCodePro-Regular.otf]:mode=node;script=latn;language=DFLT;+tlig
;"
. - 'small caps'  (m/sc) with NFSS spec.: 
. - 'bold' (bx/n) with NFSS spec.:
. <->s*[1]"[SourceCodePro-Bold.otf]:mode=node;script=latn;language=DFLT;+tlig;"
. - 'bold small caps'  (bx/sc) with NFSS spec.: 
. - 'italic' (m/it) with NFSS spec.:
. <->s*[1]"[SourceCodePro-RegularIt.otf]:mode=node;script=latn;language=DFLT;+tl
ig;"
. - 'italic small caps'  (m/itsc) with NFSS spec.: 
. - 'bold italic' (bx/it) with NFSS spec.:
. <->s*[1]"[SourceCodePro-BoldIt.otf]:mode=node;script=latn;language=DFLT;+tlig;
"
. - 'bold italic small caps'  (bx/itsc) with NFSS spec.: 
.................................................
)
(C:/Users/zolli/AppData/Roaming/MiKTeX/2.9/tex/latex/listings/lstlang1.sty
File: lstlang1.sty 2015/06/04 1.6 listings language file
)
\dlf=\skip71

(C:/Users/zolli/AppData/Roaming/MiKTeX/2.9/tex/latex/url/url.sty
\Urlmuskip=\muskip17
Package: url 2013/09/16  ver 3.4  Verb mode for urls, etc.
)
(./summary_with_code_template.aux)
\openout1 = summary_with_code_template.aux

LaTeX Font Info:    Checking defaults for OML/cmm/m/it on input line 129.
LaTeX Font Info:    ... okay on input line 129.
LaTeX Font Info:    Checking defaults for T1/cmr/m/n on input line 129.
LaTeX Font Info:    ... okay on input line 129.
LaTeX Font Info:    Checking defaults for OT1/cmr/m/n on input line 129.
LaTeX Font Info:    ... okay on input line 129.
LaTeX Font Info:    Checking defaults for OMS/cmsy/m/n on input line 129.
LaTeX Font Info:    ... okay on input line 129.
LaTeX Font Info:    Checking defaults for TU/lmr/m/n on input line 129.
LaTeX Font Info:    ... okay on input line 129.
LaTeX Font Info:    Checking defaults for OMX/cmex/m/n on input line 129.
LaTeX Font Info:    ... okay on input line 129.
LaTeX Font Info:    Checking defaults for U/cmr/m/n on input line 129.
LaTeX Font Info:    ... okay on input line 129.

(C:/Users/zolli/AppData/Roaming/MiKTeX/2.9/tex/context/base/supp-pdf.mkii
[Loading MPS to PDF converter (version 2006.09.02).]
\scratchcounter=\count274
\scratchdimen=\dimen319
\scratchbox=\box89
\nofMPsegments=\count275
\nofMParguments=\count276
\everyMPshowfont=\toks41
\MPscratchCnt=\count277
\MPscratchDim=\dimen320
\MPnumerator=\count278
\makeMPintoPDFobject=\count279
\everyMPtoPDFconversion=\toks42
) ("C:/Program Files/MiKTeX 2.9/tex/latex/oberdiek/epstopdf-base.sty"
Package: epstopdf-base 2016/05/15 v2.6 Base part for package epstopdf

("C:/Program Files/MiKTeX 2.9/tex/latex/oberdiek/grfext.sty"
Package: grfext 2016/05/16 v1.2 Manage graphics extensions (HO)

("C:/Program Files/MiKTeX 2.9/tex/generic/oberdiek/kvdefinekeys.sty"
Package: kvdefinekeys 2016/05/16 v1.4 Define keys (HO)
))
("C:/Program Files/MiKTeX 2.9/tex/latex/oberdiek/kvoptions.sty"
Package: kvoptions 2016/05/16 v3.12 Key value format for package options (HO)

("C:/Program Files/MiKTeX 2.9/tex/generic/oberdiek/kvsetkeys.sty"
Package: kvsetkeys 2016/05/16 v1.17 Key value parser (HO)

("C:/Program Files/MiKTeX 2.9/tex/generic/oberdiek/etexcmds.sty"
Package: etexcmds 2016/05/16 v1.6 Avoid name clashes with e-TeX commands (HO)
)))
("C:/Program Files/MiKTeX 2.9/tex/generic/oberdiek/pdftexcmds.sty"
Package: pdftexcmds 2017/03/19 v0.25 Utility functions of pdfTeX for LuaTeX (HO)

Package pdftexcmds Info: \pdf@primitive is available.
Package pdftexcmds Info: \pdf@ifprimitive is available.
Package pdftexcmds Info: \pdfdraftmode found.
\pdftexcmds@toks=\toks43
)
Package epstopdf-base Info: Redefining graphics rule for `.eps' on input line 43
8.
Package grfext Info: Graphics extension search list:
(grfext)             [.png,.pdf,.jpg,.mps,.jpeg,.jbig2,.jb2,.PNG,.PDF,.JPG,.JPEG
,.JBIG2,.JB2,.eps]
(grfext)             \AppendGraphicsExtensions on input line 456.
)
-- Paper type set to a0.

Package xcolor Warning: Incompatible color definition on input line 129.

\GPT@outputbox=\box90
*geometry* driver: auto-detecting
*geometry* detected driver: pdftex
*geometry* verbose mode - [ preamble ] result:
* driver: pdftex
* paper: a1paper
* layout: <same size as paper>
* layoutoffset:(h,v)=(0.0pt,0.0pt)
* modes: landscape 
* h-part:(L,W,R)=(14.22636pt, 2236.38663pt, 142.26378pt)
* v-part:(T,H,B)=(14.22636pt, 1533.60355pt, 142.26378pt)
* \paperwidth=2392.87677pt
* \paperheight=1690.09369pt
* \textwidth=2236.38663pt
* \textheight=1533.60355pt
* \oddsidemargin=-58.04362pt
* \evensidemargin=-58.04362pt
* \topmargin=-58.04362pt
* \headheight=0.0pt
* \headsep=0.0pt
* \topskip=10.0pt
* \footskip=93.16217pt
* \marginparwidth=65.0pt
* \marginparsep=11.0pt
* \columnsep=80.9318pt
* \skip\footins=9.0pt plus 4.0pt minus 2.0pt
* \hoffset=71.05797pt
* \voffset=71.05797pt
* \mag=1000
* \@twocolumnfalse
* \@twosidefalse
* \@mparswitchfalse
* \@reversemarginfalse
* (1in=72.27pt=25.4mm, 1cm=28.453pt)

ABD: EveryShipout initializing macros
LaTeX Info: Redefining \celsius on input line 129.
Package gensymb Info: Faking symbols for \degree and \celsius on input line 129.



Package gensymb Warning: Not defining \perthousand.

LaTeX Info: Redefining \ohm on input line 129.
Package gensymb Info: Using \Omega for \ohm on input line 129.

Package gensymb Warning: Not defining \micro.

\Hy@linkcounter=\count280
\c@lstlisting=\count281
.................................................
. fontspec info: "setup-math"
. 
. Adjusting the maths setup (use [no-math] to avoid this).
.................................................
\symlegacymaths=\mathgroup6
LaTeX Font Info:    Overwriting symbol font `legacymaths' in version `bold'
(Font)                  OT1/cmr/m/n --> OT1/cmr/bx/n on input line 129.
LaTeX Font Info:    Redeclaring math accent \acute on input line 129.
LaTeX Font Info:    Redeclaring math accent \grave on input line 129.
LaTeX Font Info:    Redeclaring math accent \ddot on input line 129.
LaTeX Font Info:    Redeclaring math accent \tilde on input line 129.
LaTeX Font Info:    Redeclaring math accent \bar on input line 129.
LaTeX Font Info:    Redeclaring math accent \breve on input line 129.
LaTeX Font Info:    Redeclaring math accent \check on input line 129.
LaTeX Font Info:    Redeclaring math accent \hat on input line 129.
LaTeX Font Info:    Redeclaring math accent \dot on input line 129.
LaTeX Font Info:    Redeclaring math accent \mathring on input line 129.
LaTeX Font Info:    Redeclaring math symbol \Gamma on input line 129.
LaTeX Font Info:    Redeclaring math symbol \Delta on input line 129.
LaTeX Font Info:    Redeclaring math symbol \Theta on input line 129.
LaTeX Font Info:    Redeclaring math symbol \Lambda on input line 129.
LaTeX Font Info:    Redeclaring math symbol \Xi on input line 129.
LaTeX Font Info:    Redeclaring math symbol \Pi on input line 129.
LaTeX Font Info:    Redeclaring math symbol \Sigma on input line 129.
LaTeX Font Info:    Redeclaring math symbol \Upsilon on input line 129.
LaTeX Font Info:    Redeclaring math symbol \Phi on input line 129.
LaTeX Font Info:    Redeclaring math symbol \Psi on input line 129.
LaTeX Font Info:    Redeclaring math symbol \Omega on input line 129.
LaTeX Font Info:    Redeclaring math symbol \mathdollar on input line 129.
LaTeX Font Info:    Redeclaring symbol font `operators' on input line 129.
LaTeX Font Info:    Encoding `OT1' has changed to `TU' for symbol font
(Font)              `operators' in the math version `normal' on input line 129.
LaTeX Font Info:    Overwriting symbol font `operators' in version `normal'
(Font)                  OT1/cmr/m/n --> TU/lmr/m/n on input line 129.
LaTeX Font Info:    Encoding `OT1' has changed to `TU' for symbol font
(Font)              `operators' in the math version `bold' on input line 129.
LaTeX Font Info:    Overwriting symbol font `operators' in version `bold'
(Font)                  OT1/cmr/bx/n --> TU/lmr/m/n on input line 129.
LaTeX Font Info:    Overwriting symbol font `operators' in version `normal'
(Font)                  TU/lmr/m/n --> TU/lmr/m/n on input line 129.
LaTeX Font Info:    Overwriting math alphabet `\mathit' in version `normal'
(Font)                  OT1/cmr/m/it --> TU/lmr/m/it on input line 129.
LaTeX Font Info:    Overwriting math alphabet `\mathbf' in version `normal'
(Font)                  OT1/cmr/bx/n --> TU/lmr/bx/n on input line 129.
LaTeX Font Info:    Overwriting math alphabet `\mathsf' in version `normal'
(Font)                  OT1/cmss/m/n --> TU/lmss/m/n on input line 129.
LaTeX Font Info:    Overwriting math alphabet `\mathtt' in version `normal'
(Font)                  OT1/cmtt/m/n --> TU/SourceCodePro(0)/m/n on input line 1
29.
LaTeX Font Info:    Overwriting symbol font `operators' in version `bold'
(Font)                  TU/lmr/m/n --> TU/lmr/bx/n on input line 129.
LaTeX Font Info:    Overwriting math alphabet `\mathit' in version `bold'
(Font)                  OT1/cmr/bx/it --> TU/lmr/bx/it on input line 129.
LaTeX Font Info:    Overwriting math alphabet `\mathsf' in version `bold'
(Font)                  OT1/cmss/bx/n --> TU/lmss/bx/n on input line 129.
LaTeX Font Info:    Overwriting math alphabet `\mathtt' in version `bold'
(Font)                  OT1/cmtt/m/n --> TU/SourceCodePro(0)/bx/n on input line 
129.
LaTeX Font Info:    Try loading font information for TU+phv on input line 130.
LaTeX Font Info:    No file TUphv.fd. on input line 130.

LaTeX Font Warning: Font shape `TU/phv/m/n' undefined
(Font)              using `TU/lmr/m/n' instead on input line 130.

(load luc: C:/Users/zolli/AppData/Local/MiKTeX/2.9/luatex-cache/generic/fonts/ot
l/lmroman12-regular.luc)
LaTeX Font Info:    Try loading font information for U+msa on input line 132.

("C:/Program Files/MiKTeX 2.9/tex/latex/amsfonts/umsa.fd"
File: umsa.fd 2013/01/14 v3.01 AMS symbols A
)
LaTeX Font Info:    Try loading font information for U+msb on input line 132.

("C:/Program Files/MiKTeX 2.9/tex/latex/amsfonts/umsb.fd"
File: umsb.fd 2013/01/14 v3.01 AMS symbols B
)

Package xcolor Warning: Incompatible color definition on input line 137.


Package xcolor Warning: Incompatible color definition on input line 137.


Package xcolor Warning: Incompatible color definition on input line 137.


Package xcolor Warning: Incompatible color definition on input line 137.


Overfull \hbox (0.57478pt too wide) in paragraph at lines 137--137
 [][] 
 []


Package xcolor Warning: Incompatible color definition on input line 138.

(C:/Users/zolli/AppData/Roaming/MiKTeX/2.9/tex/latex/listings/lstlang1.sty
File: lstlang1.sty 2015/06/04 1.6 listings language file
)
LaTeX Font Info:    Font shape `TU/SourceCodePro(0)/m/n' will be
(Font)              scaled to size 20.74pt on input line 139.
LaTeX Font Info:    Font shape `TU/SourceCodePro(0)/bx/n' will be
(Font)              scaled to size 20.74pt on input line 140.

[1


Non-PDF special ignored!{C:/Users/zolli/AppData/Local/MiKTeX/2.9/pdftex/config/p
dftex.map}] (./summary_with_code_template.aux)

LaTeX Font Warning: Some font shapes were not available, defaults substituted.

)

Here is how much of LuaTeX's memory you used:
 26823 strings out of 494553
 100000,794899 words of node,token memory allocated
 701 words of node memory still in use:
   8 hlist, 2 vlist, 2 rule, 23 glue, 1 kern, 18 attribute, 58 glue_spec, 18 att
ribute_list, 1 write nodes
   avail lists: 1:1,2:405,3:58,4:478,5:353,6:308,7:519,8:328,9:655,10:10,11:66
 29671 multiletter control sequences out of 65536+200000
 65 fonts using 7615575 bytes
 55i,6n,95p,426b,891s stack positions out of 5000i,500n,10000p,200000b,50000s
<C:/Program Files/MiKTeX 2.9/fonts/opentype/adobe/sourcecodepro/SourceCodePro-Re
gular.otf><C:/Program Files/MiKTeX 2.9/fonts/opentype/adobe/sourcecodepro/Source
CodePro-Bold.otf><c:/program files/miktex 2.9/fonts/opentype/public/lm/lmsans17-
regular.otf><c:/program files/miktex 2.9/fonts/opentype/public/lm/lmsans10-bold.
otf>
Output written on summary_with_code_template.pdf (1 page, 13581 bytes).

PDF statistics: 37 PDF objects out of 1000 (max. 8388607)
 0 named destinations out of 1000 (max. 131072)
 16 words of extra memory for PDF output out of 10000 (max. 100000000)

